0 info it worked if it ends with ok
1 verbose cli [ '/usr/bin/node', '/usr/bin/npm', 'install', 'jquery', '--save' ]
2 info using npm@1.4.28
3 info using node@v0.10.37
4 verbose node symlink /usr/bin/node
5 warn package.json my-own-angularjs@0.1.0 No repository field.
6 verbose readDependencies using package.json deps
7 verbose cache add [ 'jquery', null ]
8 verbose cache add name=undefined spec="jquery" args=["jquery",null]
9 verbose parsed url { protocol: null,
9 verbose parsed url   slashes: null,
9 verbose parsed url   auth: null,
9 verbose parsed url   host: null,
9 verbose parsed url   port: null,
9 verbose parsed url   hostname: null,
9 verbose parsed url   hash: null,
9 verbose parsed url   search: null,
9 verbose parsed url   query: null,
9 verbose parsed url   pathname: 'jquery',
9 verbose parsed url   path: 'jquery',
9 verbose parsed url   href: 'jquery' }
10 silly lockFile 6f2ab963-jquery jquery
11 verbose lock jquery /home/dev/.npm/6f2ab963-jquery.lock
12 silly lockFile 6f2ab963-jquery jquery
13 silly lockFile 6f2ab963-jquery jquery
14 verbose addNamed [ 'jquery', '' ]
15 verbose addNamed [ null, '*' ]
16 silly lockFile 039e748d-jquery jquery@
17 verbose lock jquery@ /home/dev/.npm/039e748d-jquery.lock
18 silly addNameRange { name: 'jquery', range: '*', hasData: false }
19 verbose request where is /jquery
20 verbose request registry https://registry.npmjs.org/
21 verbose request id 9f897eb595e667cf
22 verbose url raw /jquery
23 verbose url resolving [ 'https://registry.npmjs.org/', './jquery' ]
24 verbose url resolved https://registry.npmjs.org/jquery
25 verbose request where is https://registry.npmjs.org/jquery
26 info trying registry request attempt 1 at 10:23:01
27 verbose etag "9AM88JDO3AQJNPN2FR2FUOMVI"
28 http GET https://registry.npmjs.org/jquery
29 http 200 https://registry.npmjs.org/jquery
30 silly registry.get cb [ 200,
30 silly registry.get   { server: 'CouchDB/1.5.0 (Erlang OTP/R16B03)',
30 silly registry.get     etag: '"3OUJLMERRC7JT58UZDNBWJ9AM"',
30 silly registry.get     'content-type': 'application/json',
30 silly registry.get     'cache-control': 'max-age=60',
30 silly registry.get     'content-length': '57543',
30 silly registry.get     'accept-ranges': 'bytes',
30 silly registry.get     date: 'Sun, 26 Jul 2015 04:53:02 GMT',
30 silly registry.get     via: '1.1 varnish',
30 silly registry.get     age: '0',
30 silly registry.get     connection: 'keep-alive',
30 silly registry.get     'x-served-by': 'cache-sin6924-SIN',
30 silly registry.get     'x-cache': 'HIT',
30 silly registry.get     'x-cache-hits': '1',
30 silly registry.get     'x-timer': 'S1437886381.969719,VS0,VE972',
30 silly registry.get     vary: 'Accept' } ]
31 silly addNameRange number 2 { name: 'jquery', range: '*', hasData: true }
32 silly addNameRange versions [ 'jquery',
32 silly addNameRange   [ '1.5.1',
32 silly addNameRange     '1.6.2',
32 silly addNameRange     '1.6.3',
32 silly addNameRange     '1.7.2',
32 silly addNameRange     '1.7.3',
32 silly addNameRange     '1.8.2',
32 silly addNameRange     '1.8.3',
32 silly addNameRange     '2.1.0-beta2',
32 silly addNameRange     '2.1.0-beta3',
32 silly addNameRange     '1.11.0-beta3',
32 silly addNameRange     '1.11.0-rc1',
32 silly addNameRange     '2.1.0-rc1',
32 silly addNameRange     '1.11.0',
32 silly addNameRange     '2.1.0',
32 silly addNameRange     '2.1.1-beta1',
32 silly addNameRange     '1.11.1-beta1',
32 silly addNameRange     '2.1.1-rc1',
32 silly addNameRange     '1.11.1-rc1',
32 silly addNameRange     '2.1.1-rc2',
32 silly addNameRange     '1.11.1-rc2',
32 silly addNameRange     '2.1.1',
32 silly addNameRange     '1.11.1',
32 silly addNameRange     '1.9.1',
32 silly addNameRange     '2.1.2',
32 silly addNameRange     '1.11.2',
32 silly addNameRange     '2.1.3',
32 silly addNameRange     '2.1.4',
32 silly addNameRange     '1.11.3',
32 silly addNameRange     '3.0.0-alpha1' ] ]
33 verbose addNamed [ 'jquery', '2.1.4' ]
34 verbose addNamed [ '2.1.4', '2.1.4' ]
35 silly lockFile f774660c-jquery-2-1-4 jquery@2.1.4
36 verbose lock jquery@2.1.4 /home/dev/.npm/f774660c-jquery-2-1-4.lock
37 silly lockFile f1112f77-pmjs-org-jquery-jquery-2-1-4-tgz https://registry.npmjs.org/jquery/-/jquery-2.1.4.tgz
38 verbose lock https://registry.npmjs.org/jquery/-/jquery-2.1.4.tgz /home/dev/.npm/f1112f77-pmjs-org-jquery-jquery-2-1-4-tgz.lock
39 verbose addRemoteTarball [ 'https://registry.npmjs.org/jquery/-/jquery-2.1.4.tgz',
39 verbose addRemoteTarball   '228bde698a0c61431dc2630a6a154f15890d2317' ]
40 info retry fetch attempt 1 at 10:23:04
41 verbose fetch to= /tmp/npm-30734-JtdldEQF/registry.npmjs.org/jquery/-/jquery-2.1.4.tgz
42 http GET https://registry.npmjs.org/jquery/-/jquery-2.1.4.tgz
43 http 200 https://registry.npmjs.org/jquery/-/jquery-2.1.4.tgz
44 silly lockFile f1112f77-pmjs-org-jquery-jquery-2-1-4-tgz https://registry.npmjs.org/jquery/-/jquery-2.1.4.tgz
45 silly lockFile f1112f77-pmjs-org-jquery-jquery-2-1-4-tgz https://registry.npmjs.org/jquery/-/jquery-2.1.4.tgz
46 silly lockFile f774660c-jquery-2-1-4 jquery@2.1.4
47 silly lockFile f774660c-jquery-2-1-4 jquery@2.1.4
48 silly lockFile 039e748d-jquery jquery@
49 silly lockFile 039e748d-jquery jquery@
50 error Error: EACCES, mkdir '/home/dev/.npm/jquery/2.1.4'
50 error  { [Error: EACCES, mkdir '/home/dev/.npm/jquery/2.1.4']
50 error   errno: 3,
50 error   code: 'EACCES',
50 error   path: '/home/dev/.npm/jquery/2.1.4',
50 error   parent: 'my-own-angularjs' }
51 error Please try running this command again as root/Administrator.
52 error System Linux 3.13.0-53-generic
53 error command "/usr/bin/node" "/usr/bin/npm" "install" "jquery" "--save"
54 error cwd /var/www/html/byoa/Build_Your_Own_Angularjs
55 error node -v v0.10.37
56 error npm -v 1.4.28
57 error path /home/dev/.npm/jquery/2.1.4
58 error code EACCES
59 error errno 3
60 error stack Error: EACCES, mkdir '/home/dev/.npm/jquery/2.1.4'
61 verbose exit [ 3, true ]
